<?xml version="1.0" encoding="UTF-8"?>
<!-- Generated by org.testng.reporters.JUnitXMLReporter -->
<testsuite ignored="0" hostname="CodeCracker" failures="0" tests="3" name="Test" time="18.907" errors="0" timestamp="2025-01-11T14:07:45 EST">
  <testcase classname="testCases.TC001_AccountRegistrationTest" name="verify_account_registration" time="2.839"/>
  <testcase classname="testCases.TC002_LoginTest" name="verify_login" time="1.897"/>
  <testcase classname="testCases.TC004_SearchProductTest" name="verify_productSearch" time="0.954"/>
</testsuite> <!-- Test -->
